2025-05-15 15:36:46,572 - finance_api - INFO - Successfully fetched company info for AAPL
2025-05-15 15:36:46,730 - finance_api - INFO - Successfully fetched 20 news items for AAPL
2025-05-15 15:39:49,604 - finance_api - INFO - Successfully fetched company info for AAPL
2025-05-15 15:39:49,789 - finance_api - INFO - Successfully fetched 20 news items for AAPL
2025-05-15 21:44:11,897 - finance_api - INFO - Successfully fetched company info for TSLA
2025-05-15 21:44:12,124 - finance_api - INFO - Successfully fetched 20 news items for TSLA
2025-05-15 21:44:18,426 - finance_api - INFO - Successfully fetched company info for TSLA
2025-05-15 21:44:18,593 - finance_api - INFO - Successfully fetched 20 news items for TSLA
2025-05-15 21:49:14,537 - finance_api - INFO - Successfully fetched company info for TSLA
2025-05-15 21:49:14,716 - finance_api - INFO - Successfully fetched 20 news items for TSLA
2025-05-15 23:12:47,313 - finance_api - ERROR - Error fetching stock info for TSLA: Too Many Requests. Rate limited. Try after a while.
2025-05-15 23:13:41,280 - finance_api - ERROR - Error fetching stock info for AAPL: Too Many Requests. Rate limited. Try after a while.
2025-05-15 23:13:49,483 - finance_api - ERROR - Error fetching stock info for AAPL: Too Many Requests. Rate limited. Try after a while.
2025-05-15 23:14:26,675 - finance_api - INFO - Successfully fetched company info for TSLA
2025-05-15 23:14:26,896 - finance_api - INFO - Successfully fetched 20 news items for TSLA
2025-05-15 23:14:43,445 - finance_api - INFO - Successfully fetched company info for APPL
2025-05-15 23:14:43,634 - finance_api - INFO - Successfully fetched 0 news items for APPL
2025-05-15 23:15:05,721 - finance_api - INFO - Successfully fetched company info for AAPL
2025-05-15 23:15:05,951 - finance_api - INFO - Successfully fetched 20 news items for AAPL
2025-05-15 23:15:10,020 - finance_api - INFO - Successfully fetched company info for AAPL
2025-05-15 23:15:10,190 - finance_api - INFO - Successfully fetched 20 news items for AAPL
