Step TotEng KinEng PotEng Temp Press Enthalpy E_bond E_angle E_dihed E_impro E_pair E_vdwl E_coul E_long E_tail Volume 
       0    -17103780    170360.36    -17274140    296.46574      6417.97    -16799624            0            0            0            0    -17274140    -17274140            0            0            0    3249544.2 
     100    -17101972    170376.43    -17272348    296.49371    1154.2218    -17047115            0            0            0            0    -17272348    -17272348            0            0            0    3258885.9 
     200    -17100430    171071.86    -17271502    297.70392    198.35948    -17090998            0            0            0            0    -17271502    -17271502            0            0            0    3260627.2 
     300    -17100202    170872.13    -17271074    297.35634    38.654784    -17098364            0            0            0            0    -17271074    -17271074            0            0            0    3260942.4 
     400    -17099169    171340.66    -17270510    298.17169     35.51543    -17097480            0            0            0            0    -17270510    -17270510            0            0            0    3261060.6 
     500    -17099161    171230.15    -17270391    297.97938    20.858123    -17098169            0            0            0            0    -17270391    -17270391            0            0            0    3261051.9 
     600    -17099257    171377.63    -17270635    298.23603   -14.715101    -17099957            0            0            0            0    -17270635    -17270635            0            0            0    3261076.1 
     700    -17100538    170871.94    -17271410    297.35601   -34.950884    -17102201            0            0            0            0    -17271410    -17271410            0            0            0    3261041.8 
     800    -17099397    171157.36    -17270554    297.85271    16.336371    -17098620            0            0            0            0    -17270554    -17270554            0            0            0    3261054.5 
     900    -17100387    170775.78    -17271163    297.18867   -25.452455    -17101598            0            0            0            0    -17271163    -17271163            0            0            0    3261043.5 
    1000    -17099093    171508.58    -17270601     298.4639   -1.2974017    -17099154            0            0            0            0    -17270601    -17270601            0            0            0    3261067.3 
    1100    -17099263    171150.18    -17270413    297.84021    19.412836    -17098339            0            0            0            0    -17270413    -17270413            0            0            0    3261045.9 
    1200    -17099114    171902.66    -17271016     299.1497   -7.3316245    -17099463            0            0            0            0    -17271016    -17271016            0            0            0    3261047.5 
    1300    -17099971    170629.78    -17270601     296.9346    20.932708    -17098976            0            0            0            0    -17270601    -17270601            0            0            0    3261030.4 
    1400    -17099353     171418.2    -17270771    298.30662    17.066511    -17098541            0            0            0            0    -17270771    -17270771            0            0            0    3261077.9 
    1500    -17099337    171812.98    -17271150    298.99364   0.65754099    -17099306            0            0            0            0    -17271150    -17271150            0            0            0    3261046.4 
    1600    -17099859    170674.38    -17270534    297.01222    5.3383425    -17099606            0            0            0            0    -17270534    -17270534            0            0            0    3261093.6 
    1700    -17098783    171922.27    -17270705    299.18383    18.909846    -17097884            0            0            0            0    -17270705    -17270705            0            0            0    3261067.6 
    1800    -17099862    171137.83    -17271000    297.81873    -14.72972    -17100562            0            0            0            0    -17271000    -17271000            0            0            0    3261065.3 
    1900    -17099676    171153.21    -17270829    297.84549    -25.96685    -17100911            0            0            0            0    -17270829    -17270829            0            0            0    3261041.5 
    2000    -17099508    171328.18    -17270836    298.14998   -1.9328672    -17099600            0            0            0            0    -17270836    -17270836            0            0            0    3261048.1 
    2100    -17098954    171459.43    -17270414    298.37838    25.391326    -17097747            0            0            0            0    -17270414    -17270414            0            0            0    3261048.5 
    2200    -17099983    171280.56    -17271263    298.06711   -39.651601    -17101869            0            0            0            0    -17271263    -17271263            0            0            0    3261019.4 
    2300    -17099763    171472.34    -17271235    298.40084    14.144226    -17099090            0            0            0            0    -17271235    -17271235            0            0            0    3261037.7 
    2400    -17099189     171827.9    -17271017     299.0196    2.1741789    -17099086            0            0            0            0    -17271017    -17271017            0            0            0      3261072 
    2500    -17099882       171252    -17271134    298.01741    -9.151134    -17100317            0            0            0            0    -17271134    -17271134            0            0            0    3261057.4 
    2600    -17098940    171818.58    -17270758    299.00338    25.414225    -17097731            0            0            0            0    -17270758    -17270758            0            0            0    3261069.4 
    2700    -17098990    171060.52    -17270051    297.68418    10.162233    -17098507            0            0            0            0    -17270051    -17270051            0            0            0    3261117.6 
    2800    -17099106    171621.72    -17270728     298.6608   -6.3446668    -17099408            0            0            0            0    -17270728    -17270728            0            0            0    3261079.9 
    2900    -17099305     170745.4    -17270050     297.1358    9.0528975    -17098874            0            0            0            0    -17270050    -17270050            0            0            0    3261090.7 
    3000    -17099061    171510.67    -17270571    298.46755    16.051739    -17098297            0            0            0            0    -17270571    -17270571            0            0            0    3261065.5 
    3100    -17100106    170627.04    -17270733    296.92984    8.3198422    -17099710            0            0            0            0    -17270733    -17270733            0            0            0    3261048.6 
    3200    -17099782    171409.43    -17271191    298.29137   -6.7868622    -17100104            0            0            0            0    -17271191    -17271191            0            0            0    3261035.5 
    3300    -17100224    171136.52    -17271361    297.81645   -9.9391089    -17100697            0            0            0            0    -17271361    -17271361            0            0            0    3261049.5 
    3400    -17099783    171105.98    -17270889    297.76329    0.1884711    -17099774            0            0            0            0    -17270889    -17270889            0            0            0    3261051.4 
    3500    -17100696    170893.62    -17271589    297.39374   -22.365997    -17101759            0            0            0            0    -17271589    -17271589            0            0            0    3261055.8 
    3600    -17099187    171627.56    -17270814    298.67097    7.8038812    -17098816            0            0            0            0    -17270814    -17270814            0            0            0    3261047.5 
    3700    -17099241    171847.18    -17271088    299.05315   -32.534305    -17100788            0            0            0            0    -17271088    -17271088            0            0            0    3261078.3 
    3800    -17099416    171301.13    -17270717     298.1029    7.0509556    -17099081            0            0            0            0    -17270717    -17270717            0            0            0    3261035.3 
    3900    -17099824    171320.45    -17271144    298.13652     24.14932    -17098675            0            0            0            0    -17271144    -17271144            0            0            0    3261013.7 
    4000    -17099491    171114.71    -17270606    297.77849    31.637406    -17097987            0            0            0            0    -17270606    -17270606            0            0            0    3261087.3 
    4100    -17098964    171359.15    -17270323    298.20388    24.964821    -17097777            0            0            0            0    -17270323    -17270323            0            0            0    3261071.1 
    4200    -17098452    171627.43    -17270080    298.67073    37.198527    -17096683            0            0            0            0    -17270080    -17270080            0            0            0    3261113.6 
    4300    -17098927    171320.61    -17270247     298.1368    13.155232    -17098301            0            0            0            0    -17270247    -17270247            0            0            0    3261085.8 
    4400    -17099701    171318.93    -17271020    298.13388   -3.7108484    -17099878            0            0            0            0    -17271020    -17271020            0            0            0    3261078.7 
    4500    -17098696    171626.21    -17270322    298.66862      23.5139    -17097578            0            0            0            0    -17270322    -17270322            0            0            0    3261096.3 
    4600    -17100575    170801.64    -17271376    297.23368   -13.778074    -17101230            0            0            0            0    -17271376    -17271376            0            0            0    3261023.6 
    4700    -17099682    170870.83    -17270552    297.35408    35.429576    -17097997            0            0            0            0    -17270552    -17270552            0            0            0    3261003.9 
    4800    -17099820    171565.84    -17271386    298.56356   -16.425138    -17100601            0            0            0            0    -17271386    -17271386            0            0            0    3261041.8 
    4900    -17100982    170767.38    -17271750    297.17406   -12.410083    -17101573            0            0            0            0    -17271750    -17271750            0            0            0    3261006.6 
    5000    -17099459    171378.73    -17270837    298.23794     12.98283    -17098841            0            0            0            0    -17270837    -17270837            0            0            0    3261028.2 
    5100    -17099550    171269.93    -17270820    298.04861    5.8842816    -17099270            0            0            0            0    -17270820    -17270820            0            0            0      3261046 
    5200    -17099746    170837.88    -17270584    297.29674    13.004479    -17099127            0            0            0            0    -17270584    -17270584            0            0            0      3261024 
    5300    -17099779    171029.79    -17270809    297.63071    20.092045    -17098823            0            0            0            0    -17270809    -17270809            0            0            0    3261018.8 
    5400    -17099434    171445.24    -17270879    298.35368    17.026735    -17098624            0            0            0            0    -17270879    -17270879            0            0            0    3261086.9 
    5500    -17099590    171008.93    -17270599    297.59441   0.87095375    -17099549            0            0            0            0    -17270599    -17270599            0            0            0    3261068.6 
    5600    -17099525    171163.03    -17270688    297.86258    7.3948937    -17099173            0            0            0            0    -17270688    -17270688            0            0            0    3261067.3 
    5700    -17099831    171098.93    -17270930    297.75103   -11.829982    -17100394            0            0            0            0    -17270930    -17270930            0            0            0    3261023.1 
    5800    -17100335    171029.46    -17271364    297.63013   -14.931146    -17101045            0            0            0            0    -17271364    -17271364            0            0            0    3261009.9 
    5900    -17099396    171246.93    -17270643    298.00858    5.5506771    -17099132            0            0            0            0    -17270643    -17270643            0            0            0    3261056.9 
    6000    -17099101    171666.43    -17270768    298.73861  -0.61159415    -17099130            0            0            0            0    -17270768    -17270768            0            0            0    3261058.8 
    6100    -17100240    171017.56    -17271258    297.60943    3.7212477    -17100063            0            0            0            0    -17271258    -17271258            0            0            0      3261058 
    6200    -17099441     171394.5    -17270835    298.26538  -0.40568175    -17099460            0            0            0            0    -17270835    -17270835            0            0            0    3261046.1 
    6300    -17098924    171841.96    -17270766    299.04407   -2.0142485    -17099019            0            0            0            0    -17270766    -17270766            0            0            0    3261042.8 
    6400    -17099655    171195.78    -17270851    297.91957   -15.087123    -17100373            0            0            0            0    -17270851    -17270851            0            0            0    3261031.2 
    6500    -17099019    171443.57    -17270463    298.35078     33.81723    -17097411            0            0            0            0    -17270463    -17270463            0            0            0    3261061.7 
    6600    -17099743    171201.74    -17270945    297.92994   -11.326594    -17100282            0            0            0            0    -17270945    -17270945            0            0            0    3261047.7 
    6700    -17099597    171312.05    -17270909    298.12191   0.78121826    -17099560            0            0            0            0    -17270909    -17270909            0            0            0      3261036 
    6800    -17099044    171261.42    -17270306     298.0338    47.705703    -17096776            0            0            0            0    -17270306    -17270306            0            0            0    3261046.8 
    6900    -17099005    171857.85    -17270863    299.07172   -4.5475418    -17099221            0            0            0            0    -17270863    -17270863            0            0            0    3261091.8 
    7000    -17099497    171220.42    -17270718    297.96245   -18.518815    -17100378            0            0            0            0    -17270718    -17270718            0            0            0    3261104.8 
    7100    -17099694    171068.44    -17270763    297.69797    15.895477    -17098938            0            0            0            0    -17270763    -17270763            0            0            0    3261030.4 
    7200    -17099944    170959.86    -17270904    297.50901    2.9906075    -17099802            0            0            0            0    -17270904    -17270904            0            0            0    3261028.2 
    7300    -17099988     170948.7    -17270937    297.48959    1.6086333    -17099912            0            0            0            0    -17270937    -17270937            0            0            0    3261050.5 
    7400    -17099438    171641.98    -17271079    298.69605    -10.77506    -17099950            0            0            0            0    -17271079    -17271079            0            0            0    3261053.5 
    7500    -17099480    171299.93    -17270780    298.10082   -5.2314068    -17099729            0            0            0            0    -17270780    -17270780            0            0            0    3261065.6 
    7600    -17099338    171897.45    -17271235    299.14064    1.4654711    -17099268            0            0            0            0    -17271235    -17271235            0            0            0    3261054.9 
    7700    -17100100    170821.65    -17270922     297.2685   -8.6334697    -17100511            0            0            0            0    -17270922    -17270922            0            0            0    3261063.5 
    7800    -17098703    171824.98    -17270528    299.01452    41.860708    -17096712            0            0            0            0    -17270528    -17270528            0            0            0    3261045.7 
    7900    -17098766    171452.47    -17270219    298.36626    35.124107    -17097096            0            0            0            0    -17270219    -17270219            0            0            0    3261100.4 
    8000    -17099132    171673.06    -17270805    298.75015   -26.507827    -17100393            0            0            0            0    -17270805    -17270805            0            0            0    3261127.2 
    8100    -17098499    171891.57    -17270390    299.13041    10.566122    -17097996            0            0            0            0    -17270390    -17270390            0            0            0    3261114.8 
    8200    -17098778    171136.93    -17269915    297.81716    9.7041227    -17098317            0            0            0            0    -17269915    -17269915            0            0            0    3261118.6 
    8300    -17100001    171547.87    -17271548    298.53228   -67.349566    -17103204            0            0            0            0    -17271548    -17271548            0            0            0    3261052.3 
    8400    -17098838    171363.31    -17270201    298.21111    38.359883    -17097013            0            0            0            0    -17270201    -17270201            0            0            0      3261046 
    8500    -17099553    171209.77    -17270763    297.94391   -25.878894    -17100784            0            0            0            0    -17270763    -17270763            0            0            0    3261068.1 
    8600    -17099476    171172.54    -17270648    297.87912    26.531296    -17098214            0            0            0            0    -17270648    -17270648            0            0            0    3261053.6 
    8700    -17099471    171301.06    -17270772    298.10277    11.379731    -17098930            0            0            0            0    -17270772    -17270772            0            0            0    3261048.8 
    8800    -17098988    171561.31    -17270549    298.55568   -2.9392057    -17099128            0            0            0            0    -17270549    -17270549            0            0            0    3261105.9 
    8900    -17099941     171291.1    -17271232    298.08545   -49.895412    -17102314            0            0            0            0    -17271232    -17271232            0            0            0    3261082.5 
    9000    -17099589    171185.77    -17270775    297.90215    4.5253643    -17099374            0            0            0            0    -17270775    -17270775            0            0            0    3261049.6 
    9100    -17098789    171515.86    -17270305    298.47658    18.533271    -17097908            0            0            0            0    -17270305    -17270305            0            0            0    3261104.2 
    9200    -17098892    171804.41    -17270696    298.97872   -17.948171    -17099746            0            0            0            0    -17270696    -17270696            0            0            0    3261117.7 
    9300    -17098175    172100.51    -17270275      299.494     6.524702    -17097864            0            0            0            0    -17270275    -17270275            0            0            0    3261101.1 
    9400    -17098944     171789.1    -17270734    298.95208   -19.913446    -17099892            0            0            0            0    -17270734    -17270734            0            0            0    3261114.5 
    9500    -17099992     171231.8    -17271224    297.98225   -24.170079    -17101142            0            0            0            0    -17271224    -17271224            0            0            0    3261050.6 
    9600    -17099900    171110.08    -17271010    297.77044   -19.027532    -17100805            0            0            0            0    -17271010    -17271010            0            0            0    3261060.7 
    9700    -17099050     170944.8    -17269995    297.48281     26.23821    -17097803            0            0            0            0    -17269995    -17269995            0            0            0    3261087.4 
    9800    -17098952    171570.65    -17270523    298.57192     26.85978    -17097675            0            0            0            0    -17270523    -17270523            0            0            0      3261062 
    9900    -17099633    171413.77    -17271047    298.29892   -7.0895373    -17099971            0            0            0            0    -17271047    -17271047            0            0            0    3261059.5 
   10000    -17099580    171724.96    -17271305    298.84047   -15.087461    -17100298            0            0            0            0    -17271305    -17271305            0            0            0    3261042.9 
