
 SET PARAMETER DIMENSIONS ON  NODE_NAMES
  TYPE=CHAR  DIMENSIONS=        1        1        1

 PARAMETER NODE_NAMES(1) = c       

 *DO LOOP ON PARAMETER= I FROM  1.0000     TO  1.0000     BY  1.0000    

         58  NODES (OF       1865  DEFINED) SELECTED BY  NSEL  COMMAND.

 *GET  NODE_ID   FROM  NODE  ITEM=NUM  MIN   VALUE=  229.000000     

 *** WARNING ***                         CP =       1.172   TIME= 19:18:33
 The degree of freedom solution is not available.                        
  Line= *GET, DOF_X, NODE, NODE_ID, U, X                                 
  The *GET command is ignored.                                           

 *** WARNING ***                         CP =       1.172   TIME= 19:18:33
 The degree of freedom solution is not available.                        
  Line= *GET, DOF_Y, NODE, NODE_ID, U, Y                                 
  The *GET command is ignored.                                           

 *** WARNING ***                         CP =       1.172   TIME= 19:18:33
 The degree of freedom solution is not available.                        
  Line= *GET, DOF_Z, NODE, NODE_ID, U, Z                                 
  The *GET command is ignored.                                           

 LIST ALL SELECTED NODES.   DSYS=      0

 *** ANSYS - ENGINEERING ANALYSIS SYSTEM  RELEASE 2022 R1          22.1     ***
 Ansys Mechanical Enterprise                       
 00000000  VERSION=WINDOWS x64   19:18:33  MAY 16, 2025 CP=      1.172

 test3--____ (A5)                                                              



    NODE        X             Y             Z           THXY     THYZ     THZX
      229 -0.17200E-002  0.66500E-002 -0.10100E-002     0.00     0.00     0.00
      230 -0.17200E-002  0.66500E-002 -0.13400E-002     0.00     0.00     0.00
      231 -0.17200E-002  0.66500E-002 -0.16700E-002     0.00     0.00     0.00
      232 -0.17200E-002  0.63000E-002 -0.10100E-002     0.00     0.00     0.00
      233 -0.17200E-002  0.63000E-002 -0.13400E-002     0.00     0.00     0.00
      234 -0.17200E-002  0.63000E-002 -0.16700E-002     0.00     0.00     0.00
      235 -0.17200E-002  0.59500E-002 -0.10100E-002     0.00     0.00     0.00
      236 -0.17200E-002  0.59500E-002 -0.13400E-002     0.00     0.00     0.00
      237 -0.17200E-002  0.59500E-002 -0.16700E-002     0.00     0.00     0.00
      238 -0.17200E-002  0.56000E-002 -0.10100E-002     0.00     0.00     0.00
      239 -0.17200E-002  0.56000E-002 -0.13400E-002     0.00     0.00     0.00
      240 -0.17200E-002  0.56000E-002 -0.16700E-002     0.00     0.00     0.00
      241 -0.17200E-002  0.52500E-002 -0.10100E-002     0.00     0.00     0.00
      242 -0.17200E-002  0.52500E-002 -0.13400E-002     0.00     0.00     0.00
      243 -0.17200E-002  0.52500E-002 -0.16700E-002     0.00     0.00     0.00
      244 -0.17200E-002  0.49000E-002 -0.10100E-002     0.00     0.00     0.00
      245 -0.17200E-002  0.49000E-002 -0.13400E-002     0.00     0.00     0.00
      246 -0.17200E-002  0.49000E-002 -0.16700E-002     0.00     0.00     0.00
     1298 -0.17200E-002  0.66500E-002 -0.11750E-002     0.00     0.00     0.00
     1299 -0.17200E-002  0.64750E-002 -0.10100E-002     0.00     0.00     0.00
     1302 -0.17200E-002  0.66500E-002 -0.15050E-002     0.00     0.00     0.00
     1303 -0.17200E-002  0.64750E-002 -0.13400E-002     0.00     0.00     0.00
     1304 -0.17200E-002  0.68250E-002 -0.13400E-002     0.00     0.00     0.00
     1305 -0.17200E-002  0.64750E-002 -0.16700E-002     0.00     0.00     0.00
     1306 -0.17200E-002  0.68250E-002 -0.16700E-002     0.00     0.00     0.00
     1307 -0.17200E-002  0.66500E-002 -0.18350E-002     0.00     0.00     0.00
     1308 -0.17200E-002  0.63000E-002 -0.11750E-002     0.00     0.00     0.00
     1309 -0.17200E-002  0.61250E-002 -0.10100E-002     0.00     0.00     0.00
     1310 -0.17200E-002  0.63000E-002 -0.84500E-003     0.00     0.00     0.00
     1311 -0.17200E-002  0.63000E-002 -0.15050E-002     0.00     0.00     0.00
     1312 -0.17200E-002  0.61250E-002 -0.13400E-002     0.00     0.00     0.00
     1313 -0.17200E-002  0.61250E-002 -0.16700E-002     0.00     0.00     0.00
     1314 -0.17200E-002  0.63000E-002 -0.18350E-002     0.00     0.00     0.00
     1315 -0.17200E-002  0.59500E-002 -0.11750E-002     0.00     0.00     0.00
     1316 -0.17200E-002  0.57750E-002 -0.10100E-002     0.00     0.00     0.00
     1317 -0.17200E-002  0.59500E-002 -0.84500E-003     0.00     0.00     0.00
     1318 -0.17200E-002  0.59500E-002 -0.15050E-002     0.00     0.00     0.00
     1319 -0.17200E-002  0.57750E-002 -0.13400E-002     0.00     0.00     0.00
     1320 -0.17200E-002  0.57750E-002 -0.16700E-002     0.00     0.00     0.00
     1321 -0.17200E-002  0.59500E-002 -0.18350E-002     0.00     0.00     0.00
     1322 -0.17200E-002  0.56000E-002 -0.11750E-002     0.00     0.00     0.00
     1323 -0.17200E-002  0.54250E-002 -0.10100E-002     0.00     0.00     0.00
     1324 -0.17200E-002  0.56000E-002 -0.84500E-003     0.00     0.00     0.00
     1325 -0.17200E-002  0.56000E-002 -0.15050E-002     0.00     0.00     0.00
     1326 -0.17200E-002  0.54250E-002 -0.13400E-002     0.00     0.00     0.00
     1327 -0.17200E-002  0.54250E-002 -0.16700E-002     0.00     0.00     0.00
     1328 -0.17200E-002  0.56000E-002 -0.18350E-002     0.00     0.00     0.00
     1329 -0.17200E-002  0.52500E-002 -0.11750E-002     0.00     0.00     0.00
     1330 -0.17200E-002  0.50750E-002 -0.10100E-002     0.00     0.00     0.00
     1331 -0.17200E-002  0.52500E-002 -0.84500E-003     0.00     0.00     0.00

 *** ANSYS - ENGINEERING ANALYSIS SYSTEM  RELEASE 2022 R1          22.1     ***
 Ansys Mechanical Enterprise                       
 00000000  VERSION=WINDOWS x64   19:18:33  MAY 16, 2025 CP=      1.203

 test3--____ (A5)                                                              



    NODE        X             Y             Z           THXY     THYZ     THZX
     1332 -0.17200E-002  0.52500E-002 -0.15050E-002     0.00     0.00     0.00
     1333 -0.17200E-002  0.50750E-002 -0.13400E-002     0.00     0.00     0.00
     1334 -0.17200E-002  0.50750E-002 -0.16700E-002     0.00     0.00     0.00
     1336 -0.17200E-002  0.49000E-002 -0.11750E-002     0.00     0.00     0.00
     1337 -0.17200E-002  0.47250E-002 -0.10100E-002     0.00     0.00     0.00
     1338 -0.17200E-002  0.49000E-002 -0.84500E-003     0.00     0.00     0.00
     1339 -0.17200E-002  0.49000E-002 -0.15050E-002     0.00     0.00     0.00
     1340 -0.17200E-002  0.47250E-002 -0.13400E-002     0.00     0.00     0.00

 *ENDDO  INDEX= I                               
