Step TotEng KinEng PotEng Temp Press Enthalpy E_bond E_angle E_dihed E_impro E_pair E_vdwl E_coul E_long E_tail Volume 
       0   -6515787.1    64966.649   -6580753.8    296.77643    6393.9985   -6400351.6            0            0            0            0   -6580753.8   -6580753.8            0            0            0    1237916.2 
     100   -6515116.1    65196.087   -6580312.1    297.82454    1103.1994   -6495141.9            0            0            0            0   -6580312.1   -6580312.1            0            0            0    1241473.7 
     200     -6514616    64856.724   -6579472.7    296.27428    267.91991   -6509762.6            0            0            0            0   -6579472.7   -6579472.7            0            0            0    1242114.8 
     300   -6514154.6    65282.502   -6579437.1    298.21929    44.383516   -6513350.5            0            0            0            0   -6579437.1   -6579437.1            0            0            0    1242281.5 
     400   -6513981.1    65402.178   -6579383.2    298.76599    6.1134809   -6513870.3            0            0            0            0   -6579383.2   -6579383.2            0            0            0      1242288 
     500   -6513769.3    65284.919   -6579054.2    298.23033    47.732522   -6512904.5            0            0            0            0   -6579054.2   -6579054.2            0            0            0    1242317.5 
     600   -6514035.5    65322.218   -6579357.7    298.40072   -27.938787   -6514541.7            0            0            0            0   -6579357.7   -6579357.7            0            0            0    1242309.7 
     700     -6514292     65288.24   -6579580.2     298.2455   -51.467818   -6515224.5            0            0            0            0   -6579580.2   -6579580.2            0            0            0      1242295 
     800   -6514230.8    65573.633   -6579804.5    299.54922   -65.878113   -6515424.4            0            0            0            0   -6579804.5   -6579804.5            0            0            0    1242301.6 
     900   -6514214.4    65332.478   -6579546.8    298.44759   -10.448403   -6514403.7            0            0            0            0   -6579546.8   -6579546.8            0            0            0    1242292.2 
    1000   -6514448.7    65178.055   -6579626.7    297.74216   -45.162726   -6515266.9            0            0            0            0   -6579626.7   -6579626.7            0            0            0    1242289.7 
    1100   -6514176.6    65281.569   -6579458.1    298.21503   -8.1814298   -6514324.8            0            0            0            0   -6579458.1   -6579458.1            0            0            0    1242295.5 
    1200   -6514024.5    65272.473     -6579297    298.17348    8.1885776   -6513876.2            0            0            0            0     -6579297     -6579297            0            0            0    1242290.3 
    1300   -6514682.1    65034.743   -6579716.9    297.08749   -50.803772   -6515602.6            0            0            0            0   -6579716.9   -6579716.9            0            0            0    1242272.5 
    1400   -6514540.3    65229.625   -6579769.9    297.97774    -13.64457   -6514787.5            0            0            0            0   -6579769.9   -6579769.9            0            0            0    1242250.2 
    1500   -6514227.9    65384.128     -6579612    298.68353   -7.7357797   -6514368.1            0            0            0            0     -6579612     -6579612            0            0            0    1242287.5 
    1600   -6514302.2    65238.795     -6579541    298.01963   -12.983186   -6514537.5            0            0            0            0     -6579541     -6579541            0            0            0    1242287.1 
    1700   -6514509.7    64817.176   -6579326.8    296.09362    2.6511538   -6514461.6            0            0            0            0   -6579326.8   -6579326.8            0            0            0    1242283.7 
    1800   -6514241.9    65178.427   -6579420.3    297.74386   -7.7965451   -6514383.2            0            0            0            0   -6579420.3   -6579420.3            0            0            0    1242280.7 
    1900   -6514339.8    65355.571   -6579695.4    298.55308   -62.137498   -6515465.6            0            0            0            0   -6579695.4   -6579695.4            0            0            0    1242283.2 
    2000     -6514422    65090.815   -6579512.8    297.34364    11.391736   -6514215.6            0            0            0            0   -6579512.8   -6579512.8            0            0            0      1242262 
    2100   -6514721.9    65159.082     -6579881    297.65549   -13.131148   -6514959.8            0            0            0            0     -6579881     -6579881            0            0            0    1242263.6 
    2200   -6513992.8    65393.443   -6579386.2    298.72609    24.302549   -6513552.5            0            0            0            0   -6579386.2   -6579386.2            0            0            0    1242302.2 
    2300   -6514149.7    65522.864   -6579672.6     299.3173   -13.384356   -6514392.2            0            0            0            0   -6579672.6   -6579672.6            0            0            0    1242290.6 
    2400   -6513946.7    65413.148   -6579359.8     298.8161    17.727187   -6513625.5            0            0            0            0   -6579359.8   -6579359.8            0            0            0    1242288.8 
    2500     -6513780    65290.331   -6579070.4    298.25505    32.734278     -6513187            0            0            0            0   -6579070.4   -6579070.4            0            0            0    1242305.7 
    2600   -6514412.5    65237.333   -6579649.8    298.01295   -22.288804   -6514816.3            0            0            0            0   -6579649.8   -6579649.8            0            0            0      1242276 
    2700   -6514000.4    65117.702   -6579118.1    297.46647     54.35493   -6513015.6            0            0            0            0   -6579118.1   -6579118.1            0            0            0      1242302 
    2800   -6514186.9    64985.475   -6579172.4    296.86243    28.351244   -6513673.3            0            0            0            0   -6579172.4   -6579172.4            0            0            0    1242303.5 
    2900   -6514002.1    65325.224   -6579327.3    298.41445    44.020586   -6513204.5            0            0            0            0   -6579327.3   -6579327.3            0            0            0    1242291.4 
    3000   -6513849.1    65109.615   -6578958.7    297.42952    48.485962   -6512970.6            0            0            0            0   -6578958.7   -6578958.7            0            0            0    1242304.3 
    3100   -6513903.3     65442.97   -6579346.2    298.95233   -18.848893   -6514244.8            0            0            0            0   -6579346.2   -6579346.2            0            0            0      1242302 
    3200   -6514006.7    65178.425   -6579185.1    297.74385    9.6476007   -6513831.9            0            0            0            0   -6579185.1   -6579185.1            0            0            0    1242305.6 
    3300   -6514321.4    65279.822   -6579601.2    298.20705   -7.8729577     -6514464            0            0            0            0   -6579601.2   -6579601.2            0            0            0    1242269.8 
    3400   -6514645.1    64963.372   -6579608.4    296.76146    12.773876   -6514413.6            0            0            0            0   -6579608.4   -6579608.4            0            0            0    1242277.1 
    3500   -6514304.2    65162.102   -6579466.3    297.66929    36.051283     -6513651            0            0            0            0   -6579466.3   -6579466.3            0            0            0    1242287.9 
    3600   -6514240.1    65349.293   -6579589.4     298.5244   -20.596181   -6514613.3            0            0            0            0   -6579589.4   -6579589.4            0            0            0      1242314 
    3700   -6514331.7     65187.03   -6579518.8    297.78316   -18.982894   -6514675.7            0            0            0            0   -6579518.8   -6579518.8            0            0            0    1242292.8 
    3800   -6514071.2    65256.619   -6579327.8    298.10106    37.490378   -6513391.9            0            0            0            0   -6579327.8   -6579327.8            0            0            0    1242299.2 
    3900   -6514517.6    64843.991   -6579361.6    296.21611   -5.7515083   -6514621.8            0            0            0            0   -6579361.6   -6579361.6            0            0            0    1242300.7 
    4000   -6514440.1    65165.642   -6579605.8    297.68546   -20.921431   -6514819.2            0            0            0            0   -6579605.8   -6579605.8            0            0            0    1242288.3 
    4100   -6514240.6    65475.106   -6579715.7    299.09913   -22.502929   -6514648.3            0            0            0            0   -6579715.7   -6579715.7            0            0            0    1242301.4 
    4200   -6514322.1    65250.093   -6579572.2    298.07124   -4.5785645   -6514405.1            0            0            0            0   -6579572.2   -6579572.2            0            0            0    1242277.3 
    4300   -6513751.2    65526.481   -6579277.7    299.33382    10.125759   -6513567.7            0            0            0            0   -6579277.7   -6579277.7            0            0            0    1242311.1 
    4400     -6514377    65231.092   -6579608.1    297.98444   -46.967239   -6515227.9            0            0            0            0   -6579608.1   -6579608.1            0            0            0    1242309.6 
    4500   -6514369.2    65139.647   -6579508.9    297.56671   -13.027627   -6514605.2            0            0            0            0   -6579508.9   -6579508.9            0            0            0    1242281.5 
    4600   -6514031.7    65298.844   -6579330.6    298.29394    46.966197   -6513180.8            0            0            0            0   -6579330.6   -6579330.6            0            0            0      1242301 
    4700   -6514085.8    65615.245     -6579701    299.73931  -0.49964878   -6514094.8            0            0            0            0     -6579701     -6579701            0            0            0    1242289.3 
    4800   -6513968.3    65576.301   -6579544.6    299.56141   -20.294783     -6514336            0            0            0            0   -6579544.6   -6579544.6            0            0            0    1242303.1 
    4900   -6513883.5    65224.739   -6579108.2    297.95542    6.8263795   -6513759.8            0            0            0            0   -6579108.2   -6579108.2            0            0            0    1242319.2 
    5000   -6514452.3     65089.89   -6579542.2    297.33941   -16.691205   -6514754.7            0            0            0            0   -6579542.2   -6579542.2            0            0            0    1242280.8 
    5100   -6514367.9    65320.505   -6579688.4     298.3929   -28.747013   -6514888.7            0            0            0            0   -6579688.4   -6579688.4            0            0            0      1242281 
    5200   -6514356.7    65375.234   -6579731.9     298.6429   -29.149454   -6514884.8            0            0            0            0   -6579731.9   -6579731.9            0            0            0    1242291.3 
    5300   -6514579.6    64972.724   -6579552.3    296.80418    3.4368214   -6514517.3            0            0            0            0   -6579552.3   -6579552.3            0            0            0    1242281.8 
    5400   -6514221.8     65156.09   -6579377.9    297.64183     1.408582   -6514196.3            0            0            0            0   -6579377.9   -6579377.9            0            0            0    1242293.6 
    5500   -6514369.5    65041.971   -6579411.5    297.12051    16.192234   -6514076.2            0            0            0            0   -6579411.5   -6579411.5            0            0            0      1242284 
    5600   -6514195.1    65295.855     -6579491    298.28029    -9.601372   -6514369.1            0            0            0            0     -6579491     -6579491            0            0            0    1242293.5 
    5700   -6513904.1    65418.869   -6579322.9    298.84223    16.887214   -6513598.1            0            0            0            0   -6579322.9   -6579322.9            0            0            0    1242321.1 
    5800   -6513841.4    65442.196   -6579283.6    298.94879    6.0634207   -6513731.5            0            0            0            0   -6579283.6   -6579283.6            0            0            0    1242335.6 
    5900   -6514267.1    65417.255   -6579684.4    298.83486   -56.023739   -6515282.2            0            0            0            0   -6579684.4   -6579684.4            0            0            0    1242292.8 
    6000   -6514055.7    65335.103   -6579390.8    298.45958    39.363706   -6513342.5            0            0            0            0   -6579390.8   -6579390.8            0            0            0      1242283 
    6100   -6514155.9    64928.706   -6579084.6     296.6031    25.728271   -6513689.8            0            0            0            0   -6579084.6   -6579084.6            0            0            0    1242270.4 
    6200   -6514534.4    65173.556     -6579708    297.72161   -31.839167   -6515111.2            0            0            0            0     -6579708     -6579708            0            0            0    1242253.1 
    6300   -6514023.7    65432.822   -6579456.5    298.90597   -23.685674   -6514452.8            0            0            0            0   -6579456.5   -6579456.5            0            0            0    1242290.2 
    6400     -6514483    64819.276   -6579302.3    296.10321    5.4566559   -6514384.2            0            0            0            0   -6579302.3   -6579302.3            0            0            0    1242280.2 
    6500   -6514024.8    65073.013   -6579097.8    297.26232    30.718765   -6513468.3            0            0            0            0   -6579097.8   -6579097.8            0            0            0    1242310.3 
    6600   -6513663.8    65361.591   -6579025.4    298.58058    51.031509   -6512739.2            0            0            0            0   -6579025.4   -6579025.4            0            0            0    1242312.3 
    6700   -6513787.3    65560.833   -6579348.1    299.49074   -15.631892   -6514070.5            0            0            0            0   -6579348.1   -6579348.1            0            0            0    1242297.3 
    6800   -6514060.7    65395.764   -6579456.5    298.73669    -11.08306   -6514261.5            0            0            0            0   -6579456.5   -6579456.5            0            0            0    1242295.8 
    6900   -6513425.8    65676.926   -6579102.7    300.02107    93.644102   -6511729.2            0            0            0            0   -6579102.7   -6579102.7            0            0            0    1242314.1 
    7000   -6513731.1    65489.946   -6579221.1    299.16692   -18.947752   -6514074.4            0            0            0            0   -6579221.1   -6579221.1            0            0            0    1242344.1 
    7100   -6513988.8    65136.977   -6579125.8    297.55451    16.174284   -6513695.8            0            0            0            0   -6579125.8   -6579125.8            0            0            0    1242327.3 
    7200     -6514430    65153.439   -6579583.4    297.62972   -48.689136   -6515312.1            0            0            0            0   -6579583.4   -6579583.4            0            0            0    1242287.6 
    7300   -6514089.6    65288.417     -6579378    298.24631    52.231283   -6513143.3            0            0            0            0     -6579378     -6579378            0            0            0    1242283.2 
    7400   -6514109.4    65223.012   -6579332.4    297.94753    9.1555979   -6513943.5            0            0            0            0   -6579332.4   -6579332.4            0            0            0    1242295.1 
    7500   -6513929.6    65050.487   -6578980.1    297.15942     21.30602   -6513543.6            0            0            0            0   -6578980.1   -6578980.1            0            0            0    1242302.9 
    7600   -6513885.1    65418.751   -6579303.9    298.84169    1.3419228   -6513860.8            0            0            0            0   -6579303.9   -6579303.9            0            0            0    1242334.3 
    7700     -6514679    64975.483   -6579654.5    296.81679   -30.477199   -6515231.2            0            0            0            0   -6579654.5   -6579654.5            0            0            0    1242311.5 
    7800   -6514369.1    65171.787   -6579540.9    297.71353   -54.759761   -6515361.2            0            0            0            0   -6579540.9   -6579540.9            0            0            0    1242287.3 
    7900   -6514152.3    65326.123   -6579478.4    298.41856    36.443358     -6513492            0            0            0            0   -6579478.4   -6579478.4            0            0            0    1242273.3 
    8000   -6513964.4     65465.43   -6579429.8    299.05493    10.283416   -6513778.1            0            0            0            0   -6579429.8   -6579429.8            0            0            0      1242311 
    8100   -6513837.9    65551.808   -6579389.7    299.44952 -0.012854937   -6513838.1            0            0            0            0   -6579389.7   -6579389.7            0            0            0    1242304.9 
    8200   -6513812.6    65510.651   -6579323.3    299.26151    27.015982   -6513323.2            0            0            0            0   -6579323.3   -6579323.3            0            0            0    1242299.1 
    8300   -6513904.1    65285.326   -6579189.4    298.23219    4.2985104   -6513826.2            0            0            0            0   -6579189.4   -6579189.4            0            0            0    1242313.5 
    8400   -6514103.9    65333.175   -6579437.1    298.45077   -6.0101205   -6514212.8            0            0            0            0   -6579437.1   -6579437.1            0            0            0    1242300.6 
    8500   -6514257.9    65358.111     -6579616    298.56468   -38.942655   -6514963.4            0            0            0            0     -6579616     -6579616            0            0            0    1242285.6 
    8600   -6514633.9    65104.058   -6579737.9    297.40413   -15.137662   -6514908.1            0            0            0            0   -6579737.9   -6579737.9            0            0            0    1242265.1 
    8700   -6514357.1     65157.27   -6579514.4    297.64721   -5.5578854   -6514457.8            0            0            0            0   -6579514.4   -6579514.4            0            0            0    1242268.6 
    8800   -6514310.1    64879.985   -6579190.1    296.38054    34.741844   -6513680.7            0            0            0            0   -6579190.1   -6579190.1            0            0            0    1242315.8 
    8900   -6514088.4    65099.884   -6579188.3    297.38507    50.130022   -6513180.2            0            0            0            0   -6579188.3   -6579188.3            0            0            0    1242290.7 
    9000   -6514565.4    65056.696   -6579622.1    297.18778   -36.800221   -6515232.1            0            0            0            0   -6579622.1   -6579622.1            0            0            0      1242296 
    9100   -6514803.1    65168.574   -6579971.7    297.69886   -16.047304   -6515093.9            0            0            0            0   -6579971.7   -6579971.7            0            0            0    1242245.4 
    9200   -6514470.9     65125.45   -6579596.4    297.50186   -5.4907466   -6514570.4            0            0            0            0   -6579596.4   -6579596.4            0            0            0    1242278.1 
    9300   -6514459.5    65120.335   -6579579.8    297.47849    12.285616   -6514236.9            0            0            0            0   -6579579.8   -6579579.8            0            0            0    1242253.5 
    9400   -6514231.5    65188.299   -6579419.8    297.78896    12.278483     -6514009            0            0            0            0   -6579419.8   -6579419.8            0            0            0    1242282.7 
    9500   -6514409.9    65220.635   -6579630.5    297.93667    16.540272   -6514110.2            0            0            0            0   -6579630.5   -6579630.5            0            0            0    1242279.3 
    9600   -6514072.7     65528.23   -6579600.9    299.34181   -18.455301   -6514407.1            0            0            0            0   -6579600.9   -6579600.9            0            0            0    1242277.1 
    9700   -6514421.6    65143.031   -6579564.6    297.58217   -29.206857   -6514950.7            0            0            0            0   -6579564.6   -6579564.6            0            0            0    1242295.3 
    9800   -6514525.3    64949.926   -6579475.2    296.70004   -3.2254326   -6514583.7            0            0            0            0   -6579475.2   -6579475.2            0            0            0    1242302.5 
    9900     -6513711    65645.271   -6579356.3    299.87647    25.576137   -6513247.7            0            0            0            0   -6579356.3   -6579356.3            0            0            0    1242290.8 
   10000   -6513920.1    65293.866   -6579213.9    298.27121   -4.6567326   -6514004.4            0            0            0            0   -6579213.9   -6579213.9            0            0            0    1242334.3 
