Step TotEng KinEng PotEng Temp Press Enthalpy E_bond E_angle E_dihed E_impro E_pair E_vdwl E_coul E_long E_tail Volume 
       0   -6515787.1    64966.649   -6580753.8    296.77643    6393.9985   -6400351.6            0            0            0            0   -6580753.8   -6580753.8            0            0            0    1237916.2 
     100   -6515116.1    65196.104   -6580312.2    297.82461    1104.0235   -6495127.1            0            0            0            0   -6580312.2   -6580312.2            0            0            0    1241473.2 
     200   -6514616.1    64856.728   -6579472.8     296.2743    268.88673   -6509745.2            0            0            0            0   -6579472.8   -6579472.8            0            0            0    1242114.2 
     300   -6514154.7    65282.503   -6579437.2     298.2193    45.376843   -6513332.6            0            0            0            0   -6579437.2   -6579437.2            0            0            0    1242280.9 
     400   -6513981.2    65402.177   -6579383.4    298.76598    7.1128148   -6513852.3            0            0            0            0   -6579383.4   -6579383.4            0            0            0    1242287.3 
     500   -6513769.4    65284.919   -6579054.4    298.23033    48.732021   -6512886.5            0            0            0            0   -6579054.4   -6579054.4            0            0            0    1242316.8 
     600   -6514035.6    65322.218   -6579357.9    298.40072    -26.93884   -6514523.7            0            0            0            0   -6579357.9   -6579357.9            0            0            0      1242309 
     700   -6514292.1     65288.24   -6579580.4     298.2455   -50.467581   -6515206.5            0            0            0            0   -6579580.4   -6579580.4            0            0            0    1242294.4 
     800     -6514231    65573.634   -6579804.6    299.54922   -64.877876   -6515406.4            0            0            0            0   -6579804.6   -6579804.6            0            0            0      1242301 
     900   -6514214.5    65332.478     -6579547    298.44759   -9.4477746   -6514385.7            0            0            0            0     -6579547     -6579547            0            0            0    1242291.5 
    1000   -6514448.8    65178.055   -6579626.9    297.74216    -44.16244   -6515248.9            0            0            0            0   -6579626.9   -6579626.9            0            0            0      1242289 
    1100   -6514176.7     65281.57   -6579458.3    298.21503   -7.1816545   -6514306.8            0            0            0            0   -6579458.3   -6579458.3            0            0            0    1242294.8 
    1200   -6514024.7    65272.472   -6579297.1    298.17347    9.1883313   -6513858.2            0            0            0            0   -6579297.1   -6579297.1            0            0            0    1242289.6 
    1300   -6514682.3    65034.742     -6579717    297.08749   -49.803223   -6515584.6            0            0            0            0     -6579717     -6579717            0            0            0    1242271.8 
    1400   -6514540.4    65229.624   -6579770.1    297.97774    -12.64409   -6514769.5            0            0            0            0   -6579770.1   -6579770.1            0            0            0    1242249.5 
    1500     -6514228    65384.127   -6579612.2    298.68353   -6.7360013   -6514350.1            0            0            0            0   -6579612.2   -6579612.2            0            0            0    1242286.8 
    1600   -6514302.4    65238.795   -6579541.2    298.01963    -11.98346   -6514519.5            0            0            0            0   -6579541.2   -6579541.2            0            0            0    1242286.4 
    1700   -6514509.8    64817.176     -6579327    296.09362    3.6508907   -6514443.6            0            0            0            0     -6579327     -6579327            0            0            0    1242283.1 
    1800     -6514242    65178.427   -6579420.5    297.74386   -6.7965602   -6514365.2            0            0            0            0   -6579420.5   -6579420.5            0            0            0      1242280 
    1900   -6514339.9     65355.57   -6579695.5    298.55308   -61.137382   -6515447.6            0            0            0            0   -6579695.5   -6579695.5            0            0            0    1242282.5 
    2000   -6514422.2    65090.815     -6579513    297.34364     12.39175   -6514197.7            0            0            0            0     -6579513     -6579513            0            0            0    1242261.3 
    2100   -6514722.1    65159.081   -6579881.1    297.65549   -12.131091   -6514941.8            0            0            0            0   -6579881.1   -6579881.1            0            0            0    1242262.9 
    2200   -6513992.9    65393.443   -6579386.4    298.72609    25.302798   -6513534.5            0            0            0            0   -6579386.4   -6579386.4            0            0            0    1242301.5 
    2300   -6514149.9    65522.864   -6579672.7     299.3173   -12.383922   -6514374.2            0            0            0            0   -6579672.7   -6579672.7            0            0            0    1242289.9 
    2400   -6513946.8    65413.149     -6579360    298.81611    18.726918   -6513607.5            0            0            0            0     -6579360     -6579360            0            0            0    1242288.1 
    2500   -6513780.2    65290.331   -6579070.5    298.25505    33.734072     -6513169            0            0            0            0   -6579070.5   -6579070.5            0            0            0      1242305 
    2600   -6514412.6    65237.333     -6579650    298.01295   -21.288549   -6514798.3            0            0            0            0     -6579650     -6579650            0            0            0    1242275.4 
    2700   -6514000.6    65117.704   -6579118.3    297.46647    55.354375   -6512997.7            0            0            0            0   -6579118.3   -6579118.3            0            0            0    1242301.4 
    2800   -6514187.1    64985.476   -6579172.6    296.86244    29.350608   -6513655.3            0            0            0            0   -6579172.6   -6579172.6            0            0            0    1242302.8 
    2900   -6514002.2    65325.223   -6579327.4    298.41445     45.02079   -6513186.6            0            0            0            0   -6579327.4   -6579327.4            0            0            0    1242290.7 
    3000   -6513849.2    65109.615   -6578958.8    297.42952    49.485643   -6512952.6            0            0            0            0   -6578958.8   -6578958.8            0            0            0    1242303.6 
    3100   -6513903.4    65442.969   -6579346.4    298.95233   -17.848685   -6514226.8            0            0            0            0   -6579346.4   -6579346.4            0            0            0    1242301.3 
    3200   -6514006.8    65178.426   -6579185.2    297.74386    10.647799   -6513813.9            0            0            0            0   -6579185.2   -6579185.2            0            0            0    1242304.9 
    3300   -6514321.5    65279.823   -6579601.4    298.20705   -6.8725339   -6514446.1            0            0            0            0   -6579601.4   -6579601.4            0            0            0    1242269.1 
    3400   -6514645.2     64963.37   -6579608.6    296.76145    13.774021   -6514395.6            0            0            0            0   -6579608.6   -6579608.6            0            0            0    1242276.4 
    3500   -6514304.3    65162.102   -6579466.4    297.66929    37.051192     -6513633            0            0            0            0   -6579466.4   -6579466.4            0            0            0    1242287.2 
    3600   -6514240.3    65349.295   -6579589.6    298.52441   -19.597289   -6514595.3            0            0            0            0   -6579589.6   -6579589.6            0            0            0    1242313.4 
    3700   -6514331.9     65187.03   -6579518.9    297.78316   -17.982936   -6514657.7            0            0            0            0   -6579518.9   -6579518.9            0            0            0    1242292.1 
    3800   -6514071.3     65256.62   -6579327.9    298.10106     38.49031   -6513373.9            0            0            0            0   -6579327.9   -6579327.9            0            0            0    1242298.5 
    3900   -6514517.8    64843.991   -6579361.8    296.21611   -4.7514111   -6514603.9            0            0            0            0   -6579361.8   -6579361.8            0            0            0      1242300 
    4000   -6514440.3    65165.642   -6579605.9    297.68546   -19.921421   -6514801.2            0            0            0            0   -6579605.9   -6579605.9            0            0            0    1242287.7 
    4100   -6514240.7    65475.105   -6579715.8    299.09913    -21.50307   -6514630.3            0            0            0            0   -6579715.8   -6579715.8            0            0            0    1242300.7 
    4200   -6514322.2    65250.091   -6579572.3    298.07124   -3.5785005   -6514387.1            0            0            0            0   -6579572.3   -6579572.3            0            0            0    1242276.7 
    4300   -6513751.3     65526.48   -6579277.8    299.33382    11.125657   -6513549.7            0            0            0            0   -6579277.8   -6579277.8            0            0            0    1242310.4 
    4400   -6514377.1    65231.091   -6579608.2    297.98444   -45.967413     -6515210            0            0            0            0   -6579608.2   -6579608.2            0            0            0      1242309 
    4500   -6514369.4    65139.647     -6579509    297.56671    -12.02736   -6514587.3            0            0            0            0     -6579509     -6579509            0            0            0    1242280.8 
    4600   -6514031.9    65298.844   -6579330.7    298.29394    47.966444   -6513162.8            0            0            0            0   -6579330.7   -6579330.7            0            0            0    1242300.3 
    4700   -6514085.9    65615.247   -6579701.2    299.73931   0.50043398   -6514076.9            0            0            0            0   -6579701.2   -6579701.2            0            0            0    1242288.6 
    4800   -6513968.4    65576.301   -6579544.7     299.5614   -19.294486     -6514318            0            0            0            0   -6579544.7   -6579544.7            0            0            0    1242302.4 
    4900   -6513883.6    65224.738   -6579108.4    297.95542    7.8257514   -6513741.9            0            0            0            0   -6579108.4   -6579108.4            0            0            0    1242318.5 
    5000   -6514452.4    65089.888   -6579542.3    297.33941   -15.691177   -6514736.7            0            0            0            0   -6579542.3   -6579542.3            0            0            0    1242280.1 
    5100   -6514368.1    65320.505   -6579688.6    298.39289   -27.746881   -6514870.8            0            0            0            0   -6579688.6   -6579688.6            0            0            0    1242280.3 
    5200   -6514356.8    65375.234     -6579732    298.64291   -28.149249   -6514866.8            0            0            0            0     -6579732     -6579732            0            0            0    1242290.7 
    5300   -6514579.7    64972.725   -6579552.5    296.80419    4.4364446   -6514499.4            0            0            0            0   -6579552.5   -6579552.5            0            0            0    1242281.1 
    5400     -6514222    65156.092     -6579378    297.64183    2.4082553   -6514178.3            0            0            0            0     -6579378     -6579378            0            0            0      1242293 
    5500   -6514369.7    65041.971   -6579411.6    297.12052    17.191817   -6514058.2            0            0            0            0   -6579411.6   -6579411.6            0            0            0    1242283.3 
    5600   -6514195.3    65295.856   -6579491.1    298.28029   -8.6014806   -6514351.1            0            0            0            0   -6579491.1   -6579491.1            0            0            0    1242292.8 
    5700   -6513904.2    65418.868   -6579323.1    298.84223    17.886946   -6513580.1            0            0            0            0   -6579323.1   -6579323.1            0            0            0    1242320.4 
    5800   -6513841.5    65442.195   -6579283.7    298.94879    7.0639767   -6513713.5            0            0            0            0   -6579283.7   -6579283.7            0            0            0    1242334.9 
    5900   -6514267.3    65417.256   -6579684.5    298.83487   -55.023717   -6515264.2            0            0            0            0   -6579684.5   -6579684.5            0            0            0    1242292.1 
    6000   -6514055.9    65335.102     -6579391    298.45957    40.363682   -6513324.6            0            0            0            0     -6579391     -6579391            0            0            0    1242282.3 
    6100   -6514156.1    64928.705   -6579084.8     296.6031    26.728507   -6513671.8            0            0            0            0   -6579084.8   -6579084.8            0            0            0    1242269.7 
    6200   -6514534.5    65173.555   -6579708.1    297.72161    -30.83873   -6515093.2            0            0            0            0   -6579708.1   -6579708.1            0            0            0    1242252.4 
    6300   -6514023.8    65432.822   -6579456.6    298.90597   -22.685489   -6514434.8            0            0            0            0   -6579456.6   -6579456.6            0            0            0    1242289.5 
    6400   -6514483.2    64819.277   -6579302.5    296.10322    6.4568597   -6514366.2            0            0            0            0   -6579302.5   -6579302.5            0            0            0    1242279.6 
    6500     -6514025    65073.013     -6579098    297.26232    31.718656   -6513450.3            0            0            0            0     -6579098     -6579098            0            0            0    1242309.7 
    6600   -6513663.9    65361.591   -6579025.5    298.58058    52.031246   -6512721.2            0            0            0            0   -6579025.5   -6579025.5            0            0            0    1242311.6 
    6700   -6513787.4    65560.831   -6579348.2    299.49074   -14.631764   -6514052.5            0            0            0            0   -6579348.2   -6579348.2            0            0            0    1242296.6 
    6800   -6514060.8    65395.764   -6579456.6    298.73669    -10.08235   -6514243.5            0            0            0            0   -6579456.6   -6579456.6            0            0            0    1242295.2 
    6900   -6513425.9    65676.926   -6579102.9    300.02107    94.643723   -6511711.2            0            0            0            0   -6579102.9   -6579102.9            0            0            0    1242313.4 
    7000   -6513731.3    65489.945   -6579221.2    299.16692   -17.947519   -6514056.4            0            0            0            0   -6579221.2   -6579221.2            0            0            0    1242343.4 
    7100     -6513989    65136.977     -6579126    297.55451    17.174265   -6513677.8            0            0            0            0     -6579126     -6579126            0            0            0    1242326.6 
    7200   -6514430.1    65153.441   -6579583.6    297.62972   -47.689138   -6515294.1            0            0            0            0   -6579583.6   -6579583.6            0            0            0    1242286.9 
    7300   -6514089.7    65288.416   -6579378.1    298.24631     53.23142   -6513125.3            0            0            0            0   -6579378.1   -6579378.1            0            0            0    1242282.5 
    7400   -6514109.5    65223.012   -6579332.5    297.94753    10.155784   -6513925.5            0            0            0            0   -6579332.5   -6579332.5            0            0            0    1242294.4 
    7500   -6513929.8    65050.485   -6578980.2    297.15941    22.305977   -6513525.6            0            0            0            0   -6578980.2   -6578980.2            0            0            0    1242302.2 
    7600   -6513885.3    65418.752     -6579304     298.8417     2.341944   -6513842.8            0            0            0            0     -6579304     -6579304            0            0            0    1242333.7 
    7700   -6514679.1    64975.484   -6579654.6    296.81679   -29.477336   -6515213.2            0            0            0            0   -6579654.6   -6579654.6            0            0            0    1242310.9 
    7800   -6514369.3    65171.787     -6579541    297.71353   -53.759522   -6515343.2            0            0            0            0     -6579541     -6579541            0            0            0    1242286.6 
    7900   -6514152.4    65326.123   -6579478.5    298.41856    37.443911     -6513474            0            0            0            0   -6579478.5   -6579478.5            0            0            0    1242272.6 
    8000   -6513964.6    65465.431     -6579430    299.05494    11.283118   -6513760.1            0            0            0            0     -6579430     -6579430            0            0            0    1242310.4 
    8100     -6513838    65551.808   -6579389.8    299.44952   0.98683853   -6513820.1            0            0            0            0   -6579389.8   -6579389.8            0            0            0    1242304.2 
    8200   -6513812.8    65510.649   -6579323.4     299.2615    28.016489   -6513305.2            0            0            0            0   -6579323.4   -6579323.4            0            0            0    1242298.5 
    8300   -6513904.2    65285.326   -6579189.5    298.23219    5.2983224   -6513808.2            0            0            0            0   -6579189.5   -6579189.5            0            0            0    1242312.8 
    8400     -6514104    65333.175   -6579437.2    298.45077    -5.009818   -6514194.8            0            0            0            0   -6579437.2   -6579437.2            0            0            0    1242299.9 
    8500     -6514258    65358.112   -6579616.2    298.56469   -37.942243   -6514945.5            0            0            0            0   -6579616.2   -6579616.2            0            0            0    1242284.9 
    8600     -6514634    65104.057   -6579738.1    297.40413   -14.137349   -6514890.2            0            0            0            0   -6579738.1   -6579738.1            0            0            0    1242264.4 
    8700   -6514357.3    65157.269   -6579514.5    297.64721   -4.5577189   -6514439.8            0            0            0            0   -6579514.5   -6579514.5            0            0            0    1242267.9 
    8800   -6514310.3    64879.985   -6579190.2    296.38054    35.741259   -6513662.7            0            0            0            0   -6579190.2   -6579190.2            0            0            0    1242315.1 
    8900   -6514088.6    65099.884   -6579188.4    297.38507    51.130163   -6513162.2            0            0            0            0   -6579188.4   -6579188.4            0            0            0    1242290.1 
    9000   -6514565.5    65056.695   -6579622.2    297.18778   -35.800196   -6515214.1            0            0            0            0   -6579622.2   -6579622.2            0            0            0    1242295.4 
    9100   -6514803.3    65168.575   -6579971.8    297.69886   -15.046768   -6515075.9            0            0            0            0   -6579971.8   -6579971.8            0            0            0    1242244.7 
    9200   -6514471.1     65125.45   -6579596.5    297.50186   -4.4909827   -6514552.4            0            0            0            0   -6579596.5   -6579596.5            0            0            0    1242277.5 
    9300   -6514459.6    65120.334   -6579579.9    297.47849    13.285499   -6514218.9            0            0            0            0   -6579579.9   -6579579.9            0            0            0    1242252.8 
    9400   -6514231.6    65188.298   -6579419.9    297.78896    13.278734     -6513991            0            0            0            0   -6579419.9   -6579419.9            0            0            0      1242282 
    9500     -6514410    65220.635   -6579630.7    297.93667    17.540113   -6514092.2            0            0            0            0   -6579630.7   -6579630.7            0            0            0    1242278.6 
    9600   -6514072.8     65528.23   -6579601.1    299.34181   -17.454893   -6514389.1            0            0            0            0   -6579601.1   -6579601.1            0            0            0    1242276.4 
    9700   -6514421.7    65143.033   -6579564.7    297.58218   -28.207205   -6514932.8            0            0            0            0   -6579564.7   -6579564.7            0            0            0    1242294.6 
    9800   -6514525.4    64949.926   -6579475.4    296.70004   -2.2256393   -6514565.8            0            0            0            0   -6579475.4   -6579475.4            0            0            0    1242301.8 
    9900   -6513711.2    65645.271   -6579356.4    299.87647    26.575884   -6513229.7            0            0            0            0   -6579356.4   -6579356.4            0            0            0    1242290.1 
   10000   -6513920.2    65293.866   -6579214.1    298.27121   -3.6567641   -6513986.5            0            0            0            0   -6579214.1   -6579214.1            0            0            0    1242333.6 
