Step TotEng KinEng PotEng Temp Press Enthalpy E_bond E_angle E_dihed E_impro E_pair E_vdwl E_coul E_long E_tail Volume 
       0   -6441628.4    64774.377   -6506402.7    295.89811    1198.1049   -6397361.9            0            0            0            0   -6506402.7   -6506402.7            0            0            0    2533402.9 
     100   -6440822.5    64918.994   -6505741.5    296.55874    695.15242     -6415120            0            0            0            0   -6505741.5   -6505741.5            0            0            0    2535234.9 
     200   -6440901.1    64743.848     -6505645    295.75865    324.77006   -6428888.1            0            0            0            0     -6505645     -6505645            0            0            0    2536301.8 
     300   -6439945.2     65359.15   -6505304.3    298.56943    50.595585   -6438073.3            0            0            0            0   -6505304.3   -6505304.3            0            0            0    2536818.8 
     400   -6440410.2    64897.167   -6505307.4    296.45903    24.018896   -6439521.5            0            0            0            0   -6505307.4   -6505307.4            0            0            0    2537116.8 
     500   -6440188.6    65106.198   -6505294.8    297.41391   -50.169155     -6442045            0            0            0            0   -6505294.8   -6505294.8            0            0            0    2537252.7 
     600   -6440347.7    64920.232   -6505267.9    296.56439     -16.7291   -6440966.8            0            0            0            0   -6505267.9   -6505267.9            0            0            0    2537412.6 
     700   -6440761.3    64728.712   -6505490.1    295.68951    1.2065906   -6440716.7            0            0            0            0   -6505490.1   -6505490.1            0            0            0    2537539.5 
     800   -6440318.6    65273.335   -6505591.9    298.17742    5.0017267   -6440133.5            0            0            0            0   -6505591.9   -6505591.9            0            0            0    2537679.8 
     900   -6440115.5    65045.172   -6505160.7    297.13514   -28.400727   -6441166.7            0            0            0            0   -6505160.7   -6505160.7            0            0            0    2537790.7 
    1000     -6440131    65232.914   -6505363.9    297.99277   -61.989852   -6442425.4            0            0            0            0   -6505363.9   -6505363.9            0            0            0    2537873.4 
    1100   -6440050.3    65119.181   -6505169.5    297.47322   -99.763205   -6443742.7            0            0            0            0   -6505169.5   -6505169.5            0            0            0    2537861.3 
    1200   -6440280.9    65392.285   -6505673.2     298.7208   -21.607208   -6441080.7            0            0            0            0   -6505673.2   -6505673.2            0            0            0    2537906.1 
    1300   -6439791.8    65689.481   -6505481.3    300.07843   -31.965601     -6440975            0            0            0            0   -6505481.3   -6505481.3            0            0            0    2537977.5 
    1400   -6440060.6    65470.631   -6505531.2    299.07869   -71.727351   -6442715.5            0            0            0            0   -6505531.2   -6505531.2            0            0            0    2537995.1 
    1500   -6440193.7     65191.12   -6505384.9    297.80184    -6.006323   -6440416.1            0            0            0            0   -6505384.9   -6505384.9            0            0            0    2538041.7 
    1600   -6440353.5    64878.521     -6505232    296.37385     -41.5585   -6441891.8            0            0            0            0     -6505232     -6505232            0            0            0    2538088.8 
    1700   -6440062.6    65371.171   -6505433.8    298.62434   -37.975986   -6441468.3            0            0            0            0   -6505433.8   -6505433.8            0            0            0    2538114.2 
    1800   -6440011.3    65146.043   -6505157.4    297.59593    47.702889   -6438245.5            0            0            0            0   -6505157.4   -6505157.4            0            0            0    2538170.3 
    1900   -6440063.5    65423.107   -6505486.6    298.86159    9.2478237   -6439721.2            0            0            0            0   -6505486.6   -6505486.6            0            0            0      2538261 
    2000   -6439794.9    65282.302   -6505077.2    298.21838    23.476125   -6438925.8            0            0            0            0   -6505077.2   -6505077.2            0            0            0    2538271.4 
    2100   -6440414.1    65251.859     -6505666    298.07931   -103.56037   -6444247.7            0            0            0            0     -6505666     -6505666            0            0            0    2538281.9 
    2200   -6440016.1    65451.944   -6505468.1    298.99333   -63.225006   -6442356.5            0            0            0            0   -6505468.1   -6505468.1            0            0            0    2538215.7 
    2300     -6440006    65314.013     -6505320    298.36324   -30.906837   -6441150.1            0            0            0            0     -6505320     -6505320            0            0            0    2538201.9 
    2400   -6440299.3    65305.005   -6505604.3    298.32209   -25.237948   -6441233.6            0            0            0            0   -6505604.3   -6505604.3            0            0            0      2538271 
    2500   -6440422.5    65196.092   -6505618.6    297.82456   -50.548557   -6442293.7            0            0            0            0   -6505618.6   -6505618.6            0            0            0    2538265.6 
    2600   -6440093.2    65137.731   -6505230.9    297.55796    22.051049   -6439276.9            0            0            0            0   -6505230.9   -6505230.9            0            0            0      2538317 
    2700   -6439409.2    65647.634   -6505056.8    299.88727   -6.9340699   -6439665.9            0            0            0            0   -6505056.8   -6505056.8            0            0            0    2538348.5 
    2800     -6440381    65046.801   -6505427.8    297.14258    1.0971866   -6440340.4            0            0            0            0   -6505427.8   -6505427.8            0            0            0    2538403.7 
    2900     -6440244    65163.402   -6505407.4    297.67523    13.863426   -6439730.8            0            0            0            0   -6505407.4   -6505407.4            0            0            0      2538411 
    3000   -6440374.9    65251.897   -6505626.8    298.07949   -118.42966   -6444759.2            0            0            0            0   -6505626.8   -6505626.8            0            0            0    2538403.9 
    3100   -6439810.7    65283.059   -6505093.8    298.22184   -48.158145   -6441593.4            0            0            0            0   -6505093.8   -6505093.8            0            0            0    2538296.3 
    3200   -6439960.8    65500.791   -6505461.6    299.21646    -75.83752   -6442768.2            0            0            0            0   -6505461.6   -6505461.6            0            0            0      2538313 
    3300   -6440260.2    65086.006   -6505346.2    297.32167    4.2742799     -6440102            0            0            0            0   -6505346.2   -6505346.2            0            0            0    2538297.4 
    3400   -6439944.8    65426.349   -6505371.1     298.8764   -70.236302   -6442544.9            0            0            0            0   -6505371.1   -6505371.1            0            0            0    2538334.7 
    3500   -6440369.7    64733.444   -6505103.1    295.71112   -38.071707   -6441779.1            0            0            0            0   -6505103.1   -6505103.1            0            0            0    2538297.4 
    3600   -6440051.7    65402.534   -6505454.2    298.76762   -73.277597   -6442764.3            0            0            0            0   -6505454.2   -6505454.2            0            0            0      2538277 
    3700   -6440169.9    65488.277   -6505658.2     299.1593   -59.287446   -6442364.6            0            0            0            0   -6505658.2   -6505658.2            0            0            0    2538279.4 
    3800     -6440422    64923.267   -6505345.3    296.57826   -26.438676   -6441400.7            0            0            0            0   -6505345.3   -6505345.3            0            0            0    2538295.8 
    3900   -6440393.5    65321.939   -6505715.4    298.39945   -41.076011     -6441914            0            0            0            0   -6505715.4   -6505715.4            0            0            0    2538284.1 
    4000   -6440277.4    65207.007   -6505484.4    297.87442    -107.2919   -6444249.1            0            0            0            0   -6505484.4   -6505484.4            0            0            0    2538281.4 
    4100   -6440311.7    65374.763   -6505686.5    298.64075   -126.17292   -6444982.3            0            0            0            0   -6505686.5   -6505686.5            0            0            0    2538189.5 
    4200   -6440267.3     65027.69     -6505295    297.05528   -35.285826   -6441573.4            0            0            0            0     -6505295     -6505295            0            0            0    2538101.8 
    4300     -6440070    65304.173   -6505374.2    298.31829    9.5618319   -6439716.1            0            0            0            0   -6505374.2   -6505374.2            0            0            0      2538161 
    4400   -6439955.2    65405.305   -6505360.5    298.78027   -24.334748     -6440856            0            0            0            0   -6505360.5   -6505360.5            0            0            0    2538255.6 
    4500   -6439841.6    65406.238   -6505247.8    298.78454   -53.062573   -6441805.8            0            0            0            0   -6505247.8   -6505247.8            0            0            0    2538238.7 
    4600   -6440697.7    64961.328   -6505659.1    296.75213   -151.78577   -6446316.4            0            0            0            0   -6505659.1   -6505659.1            0            0            0    2538196.7 
    4700   -6440144.2    65312.261   -6505456.4    298.35524   -150.10115   -6445700.3            0            0            0            0   -6505456.4   -6505456.4            0            0            0    2538099.8 
    4800   -6440313.7    65085.817   -6505399.5    297.32081    -143.5886   -6445628.5            0            0            0            0   -6505399.5   -6505399.5            0            0            0    2537992.4 
    4900   -6439780.2    65473.251   -6505253.5    299.09066   -48.890737   -6441589.9            0            0            0            0   -6505253.5   -6505253.5            0            0            0    2537997.7 
    5000   -6440303.2     65097.18   -6505400.4    297.37272   -25.902298     -6441262            0            0            0            0   -6505400.4   -6505400.4            0            0            0    2537995.2 
    5100     -6440192    65285.194   -6505477.2    298.23159    -64.82994   -6442591.7            0            0            0            0   -6505477.2   -6505477.2            0            0            0      2538012 
    5200   -6440125.1    65127.668   -6505252.7    297.51199    18.494173   -6439440.5            0            0            0            0   -6505252.7   -6505252.7            0            0            0    2538089.6 
    5300     -6440287    65159.785   -6505446.8    297.65871   -42.282531   -6441852.2            0            0            0            0   -6505446.8   -6505446.8            0            0            0    2538178.7 
    5400   -6440018.7    65166.141   -6505184.9    297.68774   -16.354752   -6440624.1            0            0            0            0   -6505184.9   -6505184.9            0            0            0    2538187.6 
    5500   -6439970.3    65084.846   -6505055.2    297.31637   -54.819339   -6441999.6            0            0            0            0   -6505055.2   -6505055.2            0            0            0    2538211.1 
    5600   -6439762.4    65545.756   -6505308.2    299.42187   -62.146479   -6442062.9            0            0            0            0   -6505308.2   -6505308.2            0            0            0    2538174.4 
    5700   -6439519.9    65435.126   -6504955.1     298.9165    5.9824469   -6439298.5            0            0            0            0   -6504955.1   -6504955.1            0            0            0    2538157.3 
    5800   -6439977.9    65156.246   -6505134.2    297.64254    35.783986   -6438653.3            0            0            0            0   -6505134.2   -6505134.2            0            0            0    2538240.2 
    5900   -6440327.7    65097.783   -6505425.4    297.37547   0.21922806   -6440319.5            0            0            0            0   -6505425.4   -6505425.4            0            0            0    2538273.6 
    6000   -6440208.5    65229.329   -6505437.9    297.97639    34.696469   -6438924.1            0            0            0            0   -6505437.9   -6505437.9            0            0            0    2538270.1 
    6100   -6439904.9    65241.502   -6505146.4      298.032   -50.478279   -6441773.5            0            0            0            0   -6505146.4   -6505146.4            0            0            0    2538250.7 
    6200   -6440211.9    65139.296   -6505351.2    297.56511   -90.545746   -6443563.6            0            0            0            0   -6505351.2   -6505351.2            0            0            0    2538188.7 
    6300   -6440221.4    65115.935   -6505337.3    297.45839    3.0272132   -6440109.3            0            0            0            0   -6505337.3   -6505337.3            0            0            0    2538221.4 
    6400   -6440199.2    65174.037   -6505373.2    297.72381   -22.969261   -6441049.4            0            0            0            0   -6505373.2   -6505373.2            0            0            0    2538237.1 
    6500   -6439811.2    65360.397   -6505171.6    298.57513   -39.308152   -6441266.3            0            0            0            0   -6505171.6   -6505171.6            0            0            0    2538291.3 
    6600   -6439449.5    65350.897   -6504800.4    298.53173   -34.113206   -6440712.3            0            0            0            0   -6504800.4   -6504800.4            0            0            0    2538348.4 
    6700   -6439404.9    65389.916   -6504794.8    298.70997   -6.7621538   -6439655.2            0            0            0            0   -6504794.8   -6504794.8            0            0            0    2538330.7 
    6800   -6440286.6    64974.745   -6505261.3    296.81342   -107.09122     -6444251            0            0            0            0   -6505261.3   -6505261.3            0            0            0    2538312.3 
    6900   -6440436.6    65272.537   -6505709.1    298.17377   -143.45774     -6445747            0            0            0            0   -6505709.1   -6505709.1            0            0            0    2538210.3 
    7000   -6439802.9    65336.622   -6505139.6    298.46652   -10.022818     -6440174            0            0            0            0   -6505139.6   -6505139.6            0            0            0      2538200 
    7100   -6439806.4    65588.211   -6505394.6    299.61581   -109.86218   -6443873.1            0            0            0            0   -6505394.6   -6505394.6            0            0            0    2538179.6 
    7200   -6440005.2    65184.763   -6505189.9    297.77281     -149.051   -6445522.4            0            0            0            0   -6505189.9   -6505189.9            0            0            0    2538085.7 
    7300   -6440267.6    65253.333     -6505521    298.08605   -87.163511     -6443494            0            0            0            0     -6505521     -6505521            0            0            0    2538027.1 
    7400   -6439728.5    65359.028   -6505087.5    298.56887   -55.795114   -6441793.7            0            0            0            0   -6505087.5   -6505087.5            0            0            0    2537994.9 
    7500   -6440080.5    65372.361   -6505452.9    298.62978   -101.55059   -6443839.3            0            0            0            0   -6505452.9   -6505452.9            0            0            0    2537987.9 
    7600   -6440425.7    64898.055   -6505323.8    296.46309   -89.332903   -6443732.3            0            0            0            0   -6505323.8   -6505323.8            0            0            0    2537954.3 
    7700   -6440393.9    65237.384   -6505631.3    298.01319   -21.148624   -6441176.7            0            0            0            0   -6505631.3   -6505631.3            0            0            0    2538006.6 
    7800   -6440420.2    64894.608   -6505314.8    296.44734   -37.551675   -6441810.2            0            0            0            0   -6505314.8   -6505314.8            0            0            0    2538014.6 
    7900   -6439923.7    65464.488   -6505388.2    299.05063   -41.909104     -6441475            0            0            0            0   -6505388.2   -6505388.2            0            0            0    2538081.4 
    8000   -6440424.9    65046.255   -6505471.1    297.14008   -59.039827   -6442610.2            0            0            0            0   -6505471.1   -6505471.1            0            0            0    2538045.2 
    8100   -6440542.7    64781.879   -6505324.6    295.93238     23.57832     -6439670            0            0            0            0   -6505324.6   -6505324.6            0            0            0    2538074.7 
    8200   -6440249.6    65066.645   -6505316.2    297.23323    12.343821   -6439792.6            0            0            0            0   -6505316.2   -6505316.2            0            0            0    2538160.6 
    8300   -6439815.5    65353.032   -6505168.6    298.54148    -19.51177   -6440537.8            0            0            0            0   -6505168.6   -6505168.6            0            0            0    2538208.4 
    8400   -6440187.5    65117.245   -6505304.7    297.46438   -55.248883   -6442232.6            0            0            0            0   -6505304.7   -6505304.7            0            0            0    2538202.5 
    8500   -6440171.1    65067.147   -6505238.3    297.23552   -94.298483   -6443661.7            0            0            0            0   -6505238.3   -6505238.3            0            0            0    2538147.7 
    8600   -6439930.4    65310.722   -6505241.1     298.3482   -57.105452   -6442044.2            0            0            0            0   -6505241.1   -6505241.1            0            0            0    2538070.5 
    8700   -6440478.5    65100.465   -6505578.9    297.38772    -18.57234   -6441165.9            0            0            0            0   -6505578.9   -6505578.9            0            0            0      2538122 
    8800   -6440293.2    65165.477   -6505458.7    297.68471   -33.697866   -6441540.6            0            0            0            0   -6505458.7   -6505458.7            0            0            0      2538188 
    8900   -6439998.5    65195.131   -6505193.7    297.82017   -28.566537     -6441056            0            0            0            0   -6505193.7   -6505193.7            0            0            0    2538154.7 
    9000   -6440262.3    65205.878   -6505468.2    297.86926    42.461333   -6438690.5            0            0            0            0   -6505468.2   -6505468.2            0            0            0    2538226.6 
    9100   -6440218.8    65269.876   -6505488.7    298.16162   -49.858691   -6442064.5            0            0            0            0   -6505488.7   -6505488.7            0            0            0    2538266.7 
    9200   -6440227.5    65090.627   -6505318.2    297.34278   -19.276667   -6440941.1            0            0            0            0   -6505318.2   -6505318.2            0            0            0    2538227.8 
    9300   -6440267.5     65225.46     -6505493    297.95872   -111.06748   -6444378.9            0            0            0            0     -6505493     -6505493            0            0            0    2538195.7 
    9400     -6440180    65213.814   -6505393.8    297.90552   -106.84747   -6444135.1            0            0            0            0   -6505393.8   -6505393.8            0            0            0    2538128.8 
    9500   -6439968.1    65344.008   -6505312.1    298.50026   -44.941841   -6441631.7            0            0            0            0   -6505312.1   -6505312.1            0            0            0    2538074.1 
    9600   -6440515.8    65112.192     -6505628    297.44129   -2.3002681   -6440600.9            0            0            0            0     -6505628     -6505628            0            0            0    2538071.4 
    9700     -6440327    64912.609   -6505239.6    296.52957    18.572524   -6439639.6            0            0            0            0   -6505239.6   -6505239.6            0            0            0    2538113.8 
    9800   -6440183.4    65155.567     -6505339    297.63943  -0.19016541   -6440190.5            0            0            0            0     -6505339     -6505339            0            0            0    2538215.7 
    9900   -6440213.9    65281.417   -6505495.3    298.21433   -53.479072   -6442193.5            0            0            0            0   -6505495.3   -6505495.3            0            0            0    2538264.3 
   10000   -6440344.3    65280.039   -6505624.3    298.20804   -39.495718   -6441806.4            0            0            0            0   -6505624.3   -6505624.3            0            0            0    2538289.2 
