Step TotEng KinEng PotEng Temp Press Enthalpy E_bond E_angle E_dihed E_impro E_pair E_vdwl E_coul E_long E_tail Volume 
       0   -6441628.4    64774.377   -6506402.7    295.89811    1198.1049   -6397361.9            0            0            0            0   -6506402.7   -6506402.7            0            0            0    2533402.9 
     100   -6440822.5    64919.011   -6505741.5    296.55882    695.55892   -6415105.1            0            0            0            0   -6505741.5   -6505741.5            0            0            0    2535233.7 
     200   -6440901.3    64743.858   -6505645.1    295.75869    325.37252     -6428866            0            0            0            0   -6505645.1   -6505645.1            0            0            0      2536300 
     300   -6439945.3    65359.156   -6505304.5    298.56946    51.295974   -6438047.5            0            0            0            0   -6505304.5   -6505304.5            0            0            0    2536816.5 
     400   -6440410.4     64897.17   -6505307.6    296.45904     24.76968   -6439493.9            0            0            0            0   -6505307.6   -6505307.6            0            0            0    2537114.2 
     500   -6440188.8    65106.199     -6505295    297.41392   -49.393079   -6442016.5            0            0            0            0     -6505295     -6505295            0            0            0      2537250 
     600   -6440347.9    64920.231   -6505268.1    296.56439    -15.94193   -6440937.8            0            0            0            0   -6505268.1   -6505268.1            0            0            0    2537409.7 
     700   -6440761.5    64728.707   -6505490.3    295.68948    1.9978617   -6440687.6            0            0            0            0   -6505490.3   -6505490.3            0            0            0    2537536.5 
     800   -6440318.8    65273.334   -6505592.1    298.17741    5.7922341   -6440104.4            0            0            0            0   -6505592.1   -6505592.1            0            0            0    2537676.7 
     900   -6440115.7    65045.171   -6505160.9    297.13513   -27.612078   -6441137.7            0            0            0            0   -6505160.9   -6505160.9            0            0            0    2537787.6 
    1000   -6440131.2    65232.912   -6505364.1    297.99276   -61.205257   -6442396.6            0            0            0            0   -6505364.1   -6505364.1            0            0            0    2537870.1 
    1100   -6440050.5     65119.18   -6505169.7    297.47322   -98.982464     -6443714            0            0            0            0   -6505169.7   -6505169.7            0            0            0      2537858 
    1200   -6440281.1    65392.282   -6505673.4    298.72078   -20.830723   -6441052.1            0            0            0            0   -6505673.4   -6505673.4            0            0            0    2537902.7 
    1300     -6439792    65689.482   -6505481.5    300.07843   -31.194989   -6440946.7            0            0            0            0   -6505481.5   -6505481.5            0            0            0      2537974 
    1400   -6440060.7     65470.63   -6505531.4    299.07869   -70.959478   -6442687.2            0            0            0            0   -6505531.4   -6505531.4            0            0            0    2537991.6 
    1500   -6440193.9    65191.119     -6505385    297.80184   -5.2422987     -6440388            0            0            0            0     -6505385     -6505385            0            0            0    2538038.2 
    1600   -6440353.6    64878.523   -6505232.2    296.37386   -40.799853   -6441863.9            0            0            0            0   -6505232.2   -6505232.2            0            0            0    2538085.2 
    1700   -6440062.8    65371.174   -6505433.9    298.62436   -37.221756   -6441440.6            0            0            0            0   -6505433.9   -6505433.9            0            0            0    2538110.5 
    1800   -6440011.5    65146.048   -6505157.5    297.59595    48.453722   -6438217.9            0            0            0            0   -6505157.5   -6505157.5            0            0            0    2538166.6 
    1900   -6440063.7    65423.106   -6505486.8    298.86159    9.9953769   -6439693.7            0            0            0            0   -6505486.8   -6505486.8            0            0            0    2538257.2 
    2000   -6439795.1    65282.302   -6505077.4    298.21838    24.219814   -6438898.5            0            0            0            0   -6505077.4   -6505077.4            0            0            0    2538267.6 
    2100   -6440414.3    65251.858   -6505666.2     298.0793   -102.81966   -6444220.5            0            0            0            0   -6505666.2   -6505666.2            0            0            0      2538278 
    2200   -6440016.3    65451.942   -6505468.2    298.99331   -62.487413   -6442329.4            0            0            0            0   -6505468.2   -6505468.2            0            0            0    2538211.8 
    2300   -6440006.2    65314.009   -6505320.2    298.36322   -30.172074   -6441123.1            0            0            0            0   -6505320.2   -6505320.2            0            0            0    2538197.9 
    2400   -6440299.5    65305.007   -6505604.5     298.3221   -24.507122   -6441206.7            0            0            0            0   -6505604.5   -6505604.5            0            0            0      2538267 
    2500   -6440422.7    65196.092   -6505618.8    297.82456   -49.819409   -6442266.9            0            0            0            0   -6505618.8   -6505618.8            0            0            0    2538261.6 
    2600   -6440093.3    65137.734   -6505231.1    297.55797    22.776614   -6439250.2            0            0            0            0   -6505231.1   -6505231.1            0            0            0    2538312.9 
    2700   -6439409.4    65647.636     -6505057    299.88728    -6.211607   -6439639.3            0            0            0            0     -6505057     -6505057            0            0            0    2538344.4 
    2800   -6440381.2      65046.8     -6505428    297.14257     1.817628   -6440313.9            0            0            0            0     -6505428     -6505428            0            0            0    2538399.6 
    2900   -6440244.1    65163.404   -6505407.6    297.67524    14.582239   -6439704.3            0            0            0            0   -6505407.6   -6505407.6            0            0            0    2538406.9 
    3000   -6440375.1    65251.898     -6505627    298.07949   -117.71336   -6444732.8            0            0            0            0     -6505627     -6505627            0            0            0    2538399.7 
    3100   -6439810.9    65283.058   -6505093.9    298.22183   -47.444852   -6441567.2            0            0            0            0   -6505093.9   -6505093.9            0            0            0    2538292.1 
    3200     -6439961    65500.791   -6505461.7    299.21647   -75.125196     -6442742            0            0            0            0   -6505461.7   -6505461.7            0            0            0    2538308.8 
    3300   -6440260.4    65086.003   -6505346.4    297.32166     4.984306   -6440075.9            0            0            0            0   -6505346.4   -6505346.4            0            0            0    2538293.2 
    3400   -6439944.9     65426.35   -6505371.3    298.87641   -69.527412   -6442518.8            0            0            0            0   -6505371.3   -6505371.3            0            0            0    2538330.5 
    3500   -6440369.9    64733.443   -6505103.3    295.71111   -37.364914   -6441753.1            0            0            0            0   -6505103.3   -6505103.3            0            0            0    2538293.1 
    3600   -6440051.8    65402.534   -6505454.4    298.76761   -72.572708   -6442738.3            0            0            0            0   -6505454.4   -6505454.4            0            0            0    2538272.7 
    3700     -6440170    65488.272   -6505658.3    299.15927   -58.584608   -6442338.7            0            0            0            0   -6505658.3   -6505658.3            0            0            0    2538275.1 
    3800   -6440422.2    64923.269   -6505345.4    296.57827   -25.738432     -6441375            0            0            0            0   -6505345.4   -6505345.4            0            0            0    2538291.5 
    3900   -6440393.6    65321.941   -6505715.6    298.39945   -40.376403   -6441888.3            0            0            0            0   -6505715.6   -6505715.6            0            0            0    2538279.7 
    4000   -6440277.5    65207.002   -6505484.5     297.8744   -106.59258   -6444223.4            0            0            0            0   -6505484.5   -6505484.5            0            0            0      2538277 
    4100   -6440311.9    65374.765   -6505686.7    298.64076   -125.47605   -6444956.6            0            0            0            0   -6505686.7   -6505686.7            0            0            0    2538185.1 
    4200   -6440267.4    65027.691   -6505295.1    297.05528   -34.590152   -6441547.8            0            0            0            0   -6505295.1   -6505295.1            0            0            0    2538097.4 
    4300   -6440070.2    65304.167   -6505374.3    298.31826    10.255676   -6439690.5            0            0            0            0   -6505374.3   -6505374.3            0            0            0    2538156.5 
    4400   -6439955.4    65405.304   -6505360.7    298.78027   -23.641672   -6440830.5            0            0            0            0   -6505360.7   -6505360.7            0            0            0    2538251.2 
    4500   -6439841.7    65406.236     -6505248    298.78453   -52.371063   -6441780.4            0            0            0            0     -6505248     -6505248            0            0            0    2538234.3 
    4600   -6440697.9    64961.327   -6505659.2    296.75212   -151.09502     -6446291            0            0            0            0   -6505659.2   -6505659.2            0            0            0    2538192.2 
    4700   -6440144.3     65312.26   -6505456.6    298.35523   -149.41119   -6445674.9            0            0            0            0   -6505456.6   -6505456.6            0            0            0    2538095.3 
    4800   -6440313.8    65085.813   -6505399.7    297.32079   -142.90046   -6445603.2            0            0            0            0   -6505399.7   -6505399.7            0            0            0    2537987.9 
    4900   -6439780.4    65473.255   -6505253.6    299.09068   -48.202121   -6441564.5            0            0            0            0   -6505253.6   -6505253.6            0            0            0    2537993.2 
    5000   -6440303.4    65097.177   -6505400.5     297.3727   -25.215377   -6441236.7            0            0            0            0   -6505400.5   -6505400.5            0            0            0    2537990.7 
    5100   -6440192.2    65285.197   -6505477.4     298.2316   -64.144181   -6442566.4            0            0            0            0   -6505477.4   -6505477.4            0            0            0    2538007.4 
    5200   -6440125.2    65127.663   -6505252.9    297.51196    19.178966   -6439415.3            0            0            0            0   -6505252.9   -6505252.9            0            0            0    2538085.1 
    5300   -6440287.1    65159.786   -6505446.9    297.65871   -41.597638     -6441827            0            0            0            0   -6505446.9   -6505446.9            0            0            0    2538174.2 
    5400   -6440018.9    65166.143     -6505185    297.68775    -15.67158     -6440599            0            0            0            0     -6505185     -6505185            0            0            0      2538183 
    5500   -6439970.5    65084.847   -6505055.3    297.31638   -54.136819   -6441974.5            0            0            0            0   -6505055.3   -6505055.3            0            0            0    2538206.5 
    5600   -6439762.6    65545.758   -6505308.3    299.42188   -61.464083   -6442037.8            0            0            0            0   -6505308.3   -6505308.3            0            0            0    2538169.9 
    5700   -6439520.1    65435.125   -6504955.2    298.91649    6.6638594   -6439273.4            0            0            0            0   -6504955.2   -6504955.2            0            0            0    2538152.7 
    5800   -6439978.1    65156.247   -6505134.3    297.64254    36.464333   -6438628.3            0            0            0            0   -6505134.3   -6505134.3            0            0            0    2538235.6 
    5900   -6440327.8    65097.782   -6505425.6    297.37547   0.89927608   -6440294.5            0            0            0            0   -6505425.6   -6505425.6            0            0            0      2538269 
    6000   -6440208.7    65229.333     -6505438    297.97641    35.374824   -6438899.2            0            0            0            0     -6505438     -6505438            0            0            0    2538265.5 
    6100   -6439905.1    65241.496   -6505146.6    298.03197   -49.798773   -6441748.5            0            0            0            0   -6505146.6   -6505146.6            0            0            0    2538246.1 
    6200   -6440212.1    65139.292   -6505351.4    297.56509   -89.867403   -6443538.7            0            0            0            0   -6505351.4   -6505351.4            0            0            0    2538184.1 
    6300   -6440221.5    65115.933   -6505337.4    297.45838    3.7059415   -6440084.3            0            0            0            0   -6505337.4   -6505337.4            0            0            0    2538216.7 
    6400   -6440199.3    65174.045   -6505373.4    297.72384   -22.292082   -6441024.5            0            0            0            0   -6505373.4   -6505373.4            0            0            0    2538232.4 
    6500   -6439811.4    65360.397   -6505171.8    298.57513   -38.630778   -6441241.4            0            0            0            0   -6505171.8   -6505171.8            0            0            0    2538286.6 
    6600   -6439449.6    65350.898   -6504800.5    298.53173   -33.435613   -6440687.4            0            0            0            0   -6504800.5   -6504800.5            0            0            0    2538343.7 
    6700   -6439405.1    65389.917     -6504795    298.70998   -6.0862616   -6439630.4            0            0            0            0     -6504795     -6504795            0            0            0      2538326 
    6800   -6440286.7    64974.749   -6505261.5    296.81344   -106.41625   -6444226.1            0            0            0            0   -6505261.5   -6505261.5            0            0            0    2538307.6 
    6900   -6440436.7    65272.533   -6505709.2    298.17375   -142.78281   -6445722.1            0            0            0            0   -6505709.2   -6505709.2            0            0            0    2538205.6 
    7000   -6439803.1    65336.622   -6505139.7    298.46652   -9.3481425   -6440149.1            0            0            0            0   -6505139.7   -6505139.7            0            0            0    2538195.3 
    7100   -6439806.5    65588.209   -6505394.7     299.6158   -109.18729   -6443848.3            0            0            0            0   -6505394.7   -6505394.7            0            0            0    2538174.9 
    7200   -6440005.3     65184.76   -6505190.1    297.77279   -148.37553   -6445497.5            0            0            0            0   -6505190.1   -6505190.1            0            0            0      2538081 
    7300   -6440267.8    65253.331   -6505521.1    298.08604   -86.489949   -6443469.2            0            0            0            0   -6505521.1   -6505521.1            0            0            0    2538022.4 
    7400   -6439728.6    65359.031   -6505087.7    298.56888   -55.122182   -6441768.9            0            0            0            0   -6505087.7   -6505087.7            0            0            0    2537990.2 
    7500   -6440080.7    65372.356     -6505453    298.62976   -100.87711   -6443814.5            0            0            0            0     -6505453     -6505453            0            0            0    2537983.2 
    7600   -6440425.9    64898.052   -6505323.9    296.46307   -88.659416   -6443707.5            0            0            0            0   -6505323.9   -6505323.9            0            0            0    2537949.6 
    7700   -6440394.1    65237.387   -6505631.5     298.0132   -20.475881     -6441152            0            0            0            0   -6505631.5   -6505631.5            0            0            0    2538001.9 
    7800   -6440420.4    64894.605     -6505315    296.44732   -36.879314   -6441785.4            0            0            0            0     -6505315     -6505315            0            0            0    2538009.9 
    7900   -6439923.8    65464.487   -6505388.3    299.05062   -41.236469   -6441450.2            0            0            0            0   -6505388.3   -6505388.3            0            0            0    2538076.7 
    8000     -6440425    65046.254   -6505471.3    297.14008   -58.367942   -6442585.5            0            0            0            0   -6505471.3   -6505471.3            0            0            0    2538040.5 
    8100   -6440542.9    64781.881   -6505324.7    295.93239    24.249224   -6439645.3            0            0            0            0   -6505324.7   -6505324.7            0            0            0      2538070 
    8200   -6440249.7    65066.649   -6505316.4    297.23325    13.014304     -6439768            0            0            0            0   -6505316.4   -6505316.4            0            0            0    2538155.9 
    8300   -6439815.7     65353.03   -6505168.7    298.54147   -18.840789   -6440513.1            0            0            0            0   -6505168.7   -6505168.7            0            0            0    2538203.6 
    8400   -6440187.6    65117.249   -6505304.9    297.46439   -54.577296   -6442207.9            0            0            0            0   -6505304.9   -6505304.9            0            0            0    2538197.8 
    8500   -6440171.3     65067.15   -6505238.4    297.23553   -93.628052     -6443637            0            0            0            0   -6505238.4   -6505238.4            0            0            0      2538143 
    8600   -6439930.6    65310.723   -6505241.3    298.34821   -56.433982   -6442019.5            0            0            0            0   -6505241.3   -6505241.3            0            0            0    2538065.8 
    8700   -6440478.6    65100.463   -6505579.1    297.38771   -17.901958   -6441141.3            0            0            0            0   -6505579.1   -6505579.1            0            0            0    2538117.3 
    8800   -6440293.4     65165.48   -6505458.9    297.68472    -33.02815     -6441516            0            0            0            0   -6505458.9   -6505458.9            0            0            0    2538183.3 
    8900   -6439998.7    65195.128   -6505193.8    297.82016   -27.896515   -6441031.3            0            0            0            0   -6505193.8   -6505193.8            0            0            0    2538149.9 
    9000   -6440262.4    65205.877   -6505468.3    297.86926    43.131073   -6438665.8            0            0            0            0   -6505468.3   -6505468.3            0            0            0    2538221.9 
    9100     -6440219    65269.879   -6505488.8    298.16163   -49.189998   -6442039.9            0            0            0            0   -6505488.8   -6505488.8            0            0            0    2538261.9 
    9200   -6440227.7    65090.631   -6505318.3     297.3428   -18.607453   -6440916.5            0            0            0            0   -6505318.3   -6505318.3            0            0            0      2538223 
    9300   -6440267.7    65225.462   -6505493.1    297.95873   -110.39799   -6444354.2            0            0            0            0   -6505493.1   -6505493.1            0            0            0      2538191 
    9400   -6440180.1    65213.814     -6505394    297.90551   -106.17695   -6444110.4            0            0            0            0     -6505394     -6505394            0            0            0    2538124.1 
    9500   -6439968.3    65344.004   -6505312.3    298.50024   -44.272381     -6441607            0            0            0            0   -6505312.3   -6505312.3            0            0            0    2538069.4 
    9600   -6440515.9    65112.192   -6505628.1    297.44129   -1.6300462   -6440576.3            0            0            0            0   -6505628.1   -6505628.1            0            0            0    2538066.6 
    9700   -6440327.2    64912.608   -6505239.8    296.52957    19.241933   -6439614.9            0            0            0            0   -6505239.8   -6505239.8            0            0            0      2538109 
    9800   -6440183.6    65155.572   -6505339.1    297.63946   0.47859243   -6440165.8            0            0            0            0   -6505339.1   -6505339.1            0            0            0      2538211 
    9900     -6440214    65281.416   -6505495.4    298.21433   -52.810455   -6442168.9            0            0            0            0   -6505495.4   -6505495.4            0            0            0    2538259.6 
   10000   -6440344.4     65280.04   -6505624.5    298.20805   -38.828036   -6441781.8            0            0            0            0   -6505624.5   -6505624.5            0            0            0    2538284.5 
